PC     Output            Line Source
040000                   0001 
040000                   0002     .assume adl=1
040000                   0003 
040000                   0004     .org $040000
040000                   0005 
040000 C3 45 00 04       0006     jp      start
040004                   0007 
040004 FF FF FF FF FF FF 0008     .align 64
       FF FF FF FF FF FF 
       FF FF FF FF FF FF 
       FF FF FF FF FF FF 
       FF FF FF FF FF FF 
       FF FF FF FF FF FF 
       FF FF FF FF FF FF 
       FF FF FF FF FF FF 
       FF FF FF FF FF FF 
       FF FF FF FF FF FF 
040040                   0009     ; MOS Header
040040 4D 4F 53 00 01    0010     db "MOS",0,1
040045                   0011 
040045                   0012 
040045                   0013 
040045                   0014 start:
040045 F5                0015     push af
040046 C5                0016     push bc
040047 D5                0017     push de
040048 DD E5             0018     push ix
04004A FD E5             0019     push iy
04004C                   0020 
04004C                   0021 
04004C 21 64 00 04       0022     ld hl,hello_str
040050 01 00 00 00       0023     ld bc, 0
040054 3E 00             0024     ld a, 0
040056                   0025 
040056 5B DF             0026     rst.lil 0x18
040058                   0027 
040058 FD E1             0028     pop iy
04005A DD E1             0029     pop ix
04005C D1                0030     pop de
04005D C1                0031     pop bc
04005E F1                0032     pop af
04005F                   0033 
04005F 21 00 00 00       0034     ld hl, 0
040063                   0035 
040063 C9                0036     ret
040064                   0037 
040064                   0038 hello_str:
040064 48 65 6C 6C 6F 2C 0039     db "Hello, World!\r\n",0
       20 57 6F 72 6C 64 
       21 0D 0A 00       
040074                   0040 
040074                   0041 
040074                   0042 
